<?xml version="1.0" encoding="UTF-8"?>
<testsuite xmlns:xsi="http://www.w3.org/2001/XMLSchema-instance" xsi:noNamespaceSchemaLocation="https://maven.apache.org/surefire/maven-surefire-plugin/xsd/surefire-test-report.xsd" name="ar.com.ada.api.billeteravirtual.DemoApplicationTests" time="180.324" tests="2" errors="0" skipped="0" failures="0">
  <properties>
[...]
</properties>
  <testcase name="EncryptionTest" classname="ar.com.ada.api.billeteravirtual.DemoApplicationTests" time="6.115"/>
  <testcase name="HashTest" classname="ar.com.ada.api.billeteravirtual.DemoApplicationTests" time="0.002"/>
</testsuite>